Log file open, 06/14/20 18:57:47
LogWindows: Failed to load 'aqProf.dll' (GetLastError=126)
LogWindows: File 'aqProf.dll' does not exist
LogWindows: Failed to load 'VtuneApi.dll' (GetLastError=126)
LogWindows: File 'VtuneApi.dll' does not exist
LogWindows: Failed to load 'VtuneApi32e.dll' (GetLastError=126)
LogWindows: File 'VtuneApi32e.dll' does not exist
LogConsoleResponse: Display: Failed to find resolution value strings in scalability ini. Falling back to default.
LogInit: Display: Running engine for game: InfiniteNightmare
LogPlatformFile: Not using cached read wrapper
LogTaskGraph: Started task graph with 5 named threads and 14 total threads with 3 sets of task threads.
LogStats: Stats thread started at 0.308537
LogD3D11RHI: Loaded GFSDK_Aftermath_Lib.x64.dll
LogICUInternationalization: ICU TimeZone Detection - Raw Offset: +1:00, Platform Override: ''
LogPluginManager: Mounting plugin Paper2D
LogPluginManager: Mounting plugin AISupport
LogPluginManager: Mounting plugin LightPropagationVolume
LogPluginManager: Mounting plugin ActorLayerUtilities
LogPluginManager: Mounting plugin AnimationSharing
LogPluginManager: Mounting plugin CLionSourceCodeAccess
LogPluginManager: Mounting plugin CodeLiteSourceCodeAccess
LogPluginManager: Mounting plugin GitSourceControl
LogPluginManager: Mounting plugin KDevelopSourceCodeAccess
LogPluginManager: Mounting plugin NullSourceCodeAccess
LogPluginManager: Mounting plugin PerforceSourceControl
LogPluginManager: Mounting plugin SubversionSourceControl
LogPluginManager: Mounting plugin UObjectPlugin
LogPluginManager: Mounting plugin VisualStudioCodeSourceCodeAccess
LogPluginManager: Mounting plugin VisualStudioSourceCodeAccess
LogPluginManager: Mounting plugin XCodeSourceCodeAccess
LogPluginManager: Mounting plugin AssetManagerEditor
LogPluginManager: Mounting plugin CryptoKeys
LogPluginManager: Mounting plugin CurveEditorTools
LogPluginManager: Mounting plugin DataValidation
LogPluginManager: Mounting plugin FacialAnimation
LogPluginManager: Mounting plugin GameplayTagsEditor
LogPluginManager: Mounting plugin MacGraphicsSwitching
LogPluginManager: Mounting plugin MaterialAnalyzer
LogPluginManager: Mounting plugin MobileLauncherProfileWizard
LogPluginManager: Mounting plugin PluginBrowser
LogPluginManager: Mounting plugin SpeedTreeImporter
LogPluginManager: Mounting plugin DatasmithContent
LogPluginManager: Mounting plugin VariantManagerContent
LogPluginManager: Mounting plugin AlembicImporter
LogPluginManager: Mounting plugin AutomationUtils
LogPluginManager: Mounting plugin BackChannel
LogPluginManager: Mounting plugin CharacterAI
LogPluginManager: Mounting plugin GeometryCache
LogPluginManager: Mounting plugin HTML5Networking
LogPluginManager: Mounting plugin PlatformCrypto
LogPluginManager: Mounting plugin ProxyLODPlugin
LogPluginManager: Mounting plugin SkeletalReduction
LogPluginManager: Mounting plugin MagicLeap
LogPluginManager: Mounting plugin MagicLeapMedia
LogPluginManager: Mounting plugin AndroidMedia
LogPluginManager: Mounting plugin AvfMedia
LogPluginManager: Mounting plugin ImgMedia
LogPluginManager: Mounting plugin MediaCompositing
LogPluginManager: Mounting plugin MediaPlayerEditor
LogPluginManager: Mounting plugin WebMMedia
LogPluginManager: Mounting plugin WmfMedia
LogPluginManager: Mounting plugin TcpMessaging
LogPluginManager: Mounting plugin UdpMessaging
LogPluginManager: Mounting plugin ActorSequence
LogPluginManager: Mounting plugin LevelSequenceEditor
LogPluginManager: Mounting plugin MatineeToLevelSequence
LogPluginManager: Mounting plugin NetcodeUnitTest
LogPluginManager: Mounting plugin NUTUnrealEngine4
LogPluginManager: Mounting plugin OnlineSubsystemGooglePlay
LogPluginManager: Mounting plugin OnlineSubsystemIOS
LogPluginManager: Mounting plugin OnlineSubsystem
LogPluginManager: Mounting plugin OnlineSubsystemNull
LogPluginManager: Mounting plugin OnlineSubsystemUtils
LogPluginManager: Mounting plugin LauncherChunkInstaller
LogPluginManager: Mounting plugin AndroidDeviceProfileSelector
LogPluginManager: Mounting plugin AndroidMoviePlayer
LogPluginManager: Mounting plugin AndroidPermission
LogPluginManager: Mounting plugin AppleImageUtils
LogPluginManager: Mounting plugin AppleMoviePlayer
LogPluginManager: Mounting plugin ArchVisCharacter
LogPluginManager: Mounting plugin AudioCapture
LogPluginManager: Mounting plugin CableComponent
LogPluginManager: Mounting plugin CustomMeshComponent
LogPluginManager: Mounting plugin EditableMesh
LogPluginManager: Mounting plugin ExampleDeviceProfileSelector
LogPluginManager: Mounting plugin GoogleCloudMessaging
LogPluginManager: Mounting plugin IOSDeviceProfileSelector
LogPluginManager: Mounting plugin LinuxDeviceProfileSelector
LogPluginManager: Mounting plugin LocationServicesBPLibrary
LogPluginManager: Mounting plugin MobilePatchingUtils
LogPluginManager: Mounting plugin OculusVR
LogPluginManager: Mounting plugin PhysXVehicles
LogPluginManager: Mounting plugin ProceduralMeshComponent
LogPluginManager: Mounting plugin RuntimePhysXCooking
LogPluginManager: Mounting plugin SignificanceManager
LogPluginManager: Mounting plugin SteamVR
LogPluginManager: Mounting plugin WebMMoviePlayer
LogPluginManager: Mounting plugin WindowsMoviePlayer
LogPluginManager: Mounting plugin ScreenshotTools
LogInit: Using libcurl 7.55.1-DEV
LogInit:  - built for x86_64-pc-win32
LogInit:  - supports SSL with OpenSSL/1.1.1
LogInit:  - supports HTTP deflate (compression) using libz 1.2.8
LogInit:  - other features:
LogInit:      CURL_VERSION_SSL
LogInit:      CURL_VERSION_LIBZ
LogInit:      CURL_VERSION_IPV6
LogInit:      CURL_VERSION_ASYNCHDNS
LogInit:      CURL_VERSION_LARGEFILE
LogInit:      CURL_VERSION_IDN
LogInit:  CurlRequestOptions (configurable via config and command line):
LogInit:  - bVerifyPeer = true  - Libcurl will verify peer certificate
LogInit:  - bUseHttpProxy = false  - Libcurl will NOT use HTTP proxy
LogInit:  - bDontReuseConnections = false  - Libcurl will reuse connections
LogInit:  - MaxHostConnections = 16  - Libcurl will limit the number of connections to a host
LogInit:  - LocalHostAddr = Default
LogInit:  - BufferSize = 65536
LogOnline: OSS: Creating online subsystem instance for: NULL
LogInit: WinSock: version 1.1 (2.2), MaxSocks=32767, MaxUdp=65467
LogInit: Build: ++UE4+Release-4.23-CL-9631420
LogInit: Engine Version: 4.23.1-9631420+++UE4+Release-4.23
LogInit: Compatible Engine Version: 4.23.0-8386587+++UE4+Release-4.23
LogInit: Net CL: 8386587
LogInit: OS: Windows 10 (Release 1909) (), CPU: AMD Ryzen 3 1200 Quad-Core Processor           , GPU: Radeon RX 570 Series
LogInit: Compiled (64-bit): Oct 18 2019 02:07:44
LogInit: Compiled with Visual C++: 19.16.27030.01
LogInit: Build Configuration: Development
LogInit: Branch Name: ++UE4+Release-4.23
LogInit: Command Line: 
LogInit: Base Directory: D:/Unreal Engine 4.23.1/UE_4.23/Engine/Binaries/Win64/
LogInit: Installed Engine Build: 1
LogDevObjectVersion: Number of dev versions registered: 23
LogDevObjectVersion:   Dev-Blueprints (B0D832E4-1F89-4F0D-ACCF-7EB736FD4AA2): 10
LogDevObjectVersion:   Dev-Build (E1C64328-A22C-4D53-A36C-8E866417BD8C): 0
LogDevObjectVersion:   Dev-Core (375EC13C-06E4-48FB-B500-84F0262A717E): 3
LogDevObjectVersion:   Dev-Editor (E4B068ED-F494-42E9-A231-DA0B2E46BB41): 34
LogDevObjectVersion:   Dev-Framework (CFFC743F-43B0-4480-9391-14DF171D2073): 35
LogDevObjectVersion:   Dev-Mobile (B02B49B5-BB20-44E9-A304-32B752E40360): 2
LogDevObjectVersion:   Dev-Networking (A4E4105C-59A1-49B5-A7C5-40C4547EDFEE): 0
LogDevObjectVersion:   Dev-Online (39C831C9-5AE6-47DC-9A44-9C173E1C8E7C): 0
LogDevObjectVersion:   Dev-Physics (78F01B33-EBEA-4F98-B9B4-84EACCB95AA2): 0
LogDevObjectVersion:   Dev-Platform (6631380F-2D4D-43E0-8009-CF276956A95A): 0
LogDevObjectVersion:   Dev-Rendering (12F88B9F-8875-4AFC-A67C-D90C383ABD29): 31
LogDevObjectVersion:   Dev-Sequencer (7B5AE74C-D270-4C10-A958-57980B212A5A): 11
LogDevObjectVersion:   Dev-VR (D7296918-1DD6-4BDD-9DE2-64A83CC13884): 2
LogDevObjectVersion:   Dev-LoadTimes (C2A15278-BFE7-4AFE-6C17-90FF531DF755): 1
LogDevObjectVersion:   Private-Geometry (6EACA3D4-40EC-4CC1-B786-8BED09428FC5): 3
LogDevObjectVersion:   Dev-AnimPhys (29E575DD-E0A3-4627-9D10-D276232CDCEA): 17
LogDevObjectVersion:   Dev-Anim (AF43A65D-7FD3-4947-9873-3E8ED9C1BB05): 2
LogDevObjectVersion:   Dev-ReflectionCapture (6B266CEC-1EC7-4B8F-A30B-E4D90942FC07): 1
LogDevObjectVersion:   Dev-Automation (0DF73D61-A23F-47EA-B727-89E90C41499A): 1
LogDevObjectVersion:   FortniteMain (601D1886-AC64-4F84-AA16-D3DE0DEAC7D6): 27
LogDevObjectVersion:   Dev-Enterprise (9DFFBCD6-494F-0158-E221-12823C92A888): 6
LogDevObjectVersion:   Dev-Niagara (F2AED0AC-9AFE-416F-8664-AA7FFA26D6FC): 1
LogDevObjectVersion:   Dev-Destruction (174F1F0B-B4C6-45A5-B13F-2EE8D0FB917D): 9
LogInit: Presizing for max 16777216 objects, including 0 objects not considered by GC, pre-allocating 0 bytes for permanent pool.
LogInit: Object subsystem initialized
LogConfig: Setting CVar [[con.DebugEarlyDefault:1]]
LogConfig: Setting CVar [[r.setres:1280x720]]
[2020.06.14-16.57.52:213][  0]LogConfig: Setting CVar [[r.VSync:0]]
[2020.06.14-16.57.52:213][  0]LogConfig: Setting CVar [[r.RHICmdBypass:0]]
[2020.06.14-16.57.52:230][  0]LogConfig: Applying CVar settings from Section [/Script/Engine.RendererSettings] File [C:/Users/PC livio/Documents/GitHub/InfiniteNightmare/InfiniteNightmare/Saved/Config/Windows/Engine.ini]
[2020.06.14-16.57.52:230][  0]LogConfig: Setting CVar [[r.GPUCrashDebugging:0]]
[2020.06.14-16.57.52:230][  0]LogConfig: Setting CVar [[r.DefaultFeature.AutoExposure.ExtendDefaultLuminanceRange:1]]
[2020.06.14-16.57.52:230][  0]LogConfig: Applying CVar settings from Section [/Script/Engine.RendererOverrideSettings] File [C:/Users/PC livio/Documents/GitHub/InfiniteNightmare/InfiniteNightmare/Saved/Config/Windows/Engine.ini]
[2020.06.14-16.57.52:230][  0]LogConfig: Applying CVar settings from Section [/Script/Engine.StreamingSettings] File [C:/Users/PC livio/Documents/GitHub/InfiniteNightmare/InfiniteNightmare/Saved/Config/Windows/Engine.ini]
[2020.06.14-16.57.52:230][  0]LogConfig: Setting CVar [[s.MinBulkDataSizeForAsyncLoading:131072]]
[2020.06.14-16.57.52:230][  0]LogConfig: Setting CVar [[s.AsyncLoadingThreadEnabled:0]]
[2020.06.14-16.57.52:230][  0]LogConfig: Setting CVar [[s.EventDrivenLoaderEnabled:1]]
[2020.06.14-16.57.52:230][  0]LogConfig: Setting CVar [[s.WarnIfTimeLimitExceeded:0]]
[2020.06.14-16.57.52:230][  0]LogConfig: Setting CVar [[s.TimeLimitExceededMultiplier:1.5]]
[2020.06.14-16.57.52:230][  0]LogConfig: Setting CVar [[s.TimeLimitExceededMinTime:0.005]]
[2020.06.14-16.57.52:230][  0]LogConfig: Setting CVar [[s.UseBackgroundLevelStreaming:1]]
[2020.06.14-16.57.52:230][  0]LogConfig: Setting CVar [[s.PriorityAsyncLoadingExtraTime:15.0]]
[2020.06.14-16.57.52:230][  0]LogConfig: Setting CVar [[s.LevelStreamingActorsUpdateTimeLimit:5.0]]
[2020.06.14-16.57.52:230][  0]LogConfig: Setting CVar [[s.PriorityLevelStreamingActorsUpdateExtraTime:5.0]]
[2020.06.14-16.57.52:230][  0]LogConfig: Setting CVar [[s.LevelStreamingComponentsRegistrationGranularity:10]]
[2020.06.14-16.57.52:230][  0]LogConfig: Setting CVar [[s.UnregisterComponentsTimeLimit:1.0]]
[2020.06.14-16.57.52:230][  0]LogConfig: Setting CVar [[s.LevelStreamingComponentsUnregistrationGranularity:5]]
[2020.06.14-16.57.52:230][  0]LogConfig: Applying CVar settings from Section [/Script/Engine.GarbageCollectionSettings] File [C:/Users/PC livio/Documents/GitHub/InfiniteNightmare/InfiniteNightmare/Saved/Config/Windows/Engine.ini]
[2020.06.14-16.57.52:230][  0]LogConfig: Setting CVar [[gc.MaxObjectsNotConsideredByGC:1]]
[2020.06.14-16.57.52:230][  0]LogConfig: Setting CVar [[gc.SizeOfPermanentObjectPool:0]]
[2020.06.14-16.57.52:230][  0]LogConfig: Setting CVar [[gc.FlushStreamingOnGC:0]]
[2020.06.14-16.57.52:230][  0]LogConfig: Setting CVar [[gc.NumRetriesBeforeForcingGC:10]]
[2020.06.14-16.57.52:230][  0]LogConfig: Setting CVar [[gc.AllowParallelGC:1]]
[2020.06.14-16.57.52:230][  0]LogConfig: Setting CVar [[gc.TimeBetweenPurgingPendingKillObjects:61.1]]
[2020.06.14-16.57.52:230][  0]LogConfig: Setting CVar [[gc.MaxObjectsInEditor:16777216]]
[2020.06.14-16.57.52:230][  0]LogConfig: Setting CVar [[gc.IncrementalBeginDestroyEnabled:1]]
[2020.06.14-16.57.52:230][  0]LogConfig: Setting CVar [[gc.CreateGCClusters:1]]
[2020.06.14-16.57.52:230][  0]LogConfig: Setting CVar [[gc.MinGCClusterSize:5]]
[2020.06.14-16.57.52:230][  0]LogConfig: Setting CVar [[gc.ActorClusteringEnabled:0]]
[2020.06.14-16.57.52:230][  0]LogConfig: Setting CVar [[gc.BlueprintClusteringEnabled:0]]
[2020.06.14-16.57.52:230][  0]LogConfig: Setting CVar [[gc.UseDisregardForGCOnDedicatedServers:0]]
[2020.06.14-16.57.52:230][  0]LogConfig: Applying CVar settings from Section [/Script/Engine.NetworkSettings] File [C:/Users/PC livio/Documents/GitHub/InfiniteNightmare/InfiniteNightmare/Saved/Config/Windows/Engine.ini]
[2020.06.14-16.57.52:230][  0]LogConfig: Applying CVar settings from Section [/Script/UnrealEd.CookerSettings] File [C:/Users/PC livio/Documents/GitHub/InfiniteNightmare/InfiniteNightmare/Saved/Config/Windows/Engine.ini]
[2020.06.14-16.57.52:335][  0]LogConfig: Applying CVar settings from Section [ViewDistanceQuality@3] File [C:/Users/PC livio/Documents/GitHub/InfiniteNightmare/InfiniteNightmare/Saved/Config/Windows/Scalability.ini]
[2020.06.14-16.57.52:335][  0]LogConfig: Setting CVar [[r.SkeletalMeshLODBias:0]]
[2020.06.14-16.57.52:335][  0]LogConfig: Setting CVar [[r.ViewDistanceScale:1.0]]
[2020.06.14-16.57.52:335][  0]LogConfig: Applying CVar settings from Section [AntiAliasingQuality@3] File [C:/Users/PC livio/Documents/GitHub/InfiniteNightmare/InfiniteNightmare/Saved/Config/Windows/Scalability.ini]
[2020.06.14-16.57.52:335][  0]LogConfig: Setting CVar [[r.PostProcessAAQuality:4]]
[2020.06.14-16.57.52:335][  0]LogConfig: Applying CVar settings from Section [ShadowQuality@3] File [C:/Users/PC livio/Documents/GitHub/InfiniteNightmare/InfiniteNightmare/Saved/Config/Windows/Scalability.ini]
[2020.06.14-16.57.52:335][  0]LogConfig: Setting CVar [[r.LightFunctionQuality:1]]
[2020.06.14-16.57.52:335][  0]LogConfig: Setting CVar [[r.ShadowQuality:5]]
[2020.06.14-16.57.52:335][  0]LogConfig: Setting CVar [[r.Shadow.CSM.MaxCascades:10]]
[2020.06.14-16.57.52:335][  0]LogConfig: Setting CVar [[r.Shadow.MaxResolution:2048]]
[2020.06.14-16.57.52:335][  0]LogConfig: Setting CVar [[r.Shadow.MaxCSMResolution:2048]]
[2020.06.14-16.57.52:335][  0]LogConfig: Setting CVar [[r.Shadow.RadiusThreshold:0.01]]
[2020.06.14-16.57.52:335][  0]LogConfig: Setting CVar [[r.Shadow.DistanceScale:1.0]]
[2020.06.14-16.57.52:336][  0]LogConfig: Setting CVar [[r.Shadow.CSM.TransitionScale:1.0]]
[2020.06.14-16.57.52:336][  0]LogConfig: Setting CVar [[r.Shadow.PreShadowResolutionFactor:1.0]]
[2020.06.14-16.57.52:336][  0]LogConfig: Setting CVar [[r.DistanceFieldShadowing:1]]
[2020.06.14-16.57.52:336][  0]LogConfig: Setting CVar [[r.DistanceFieldAO:1]]
[2020.06.14-16.57.52:336][  0]LogConfig: Setting CVar [[r.AOQuality:2]]
[2020.06.14-16.57.52:336][  0]LogConfig: Setting CVar [[r.VolumetricFog:1]]
[2020.06.14-16.57.52:336][  0]LogConfig: Setting CVar [[r.VolumetricFog.GridPixelSize:8]]
[2020.06.14-16.57.52:336][  0]LogConfig: Setting CVar [[r.VolumetricFog.GridSizeZ:128]]
[2020.06.14-16.57.52:336][  0]LogConfig: Setting CVar [[r.VolumetricFog.HistoryMissSupersampleCount:4]]
[2020.06.14-16.57.52:336][  0]LogConfig: Setting CVar [[r.LightMaxDrawDistanceScale:1]]
[2020.06.14-16.57.52:336][  0]LogConfig: Setting CVar [[r.CapsuleShadows:1]]
[2020.06.14-16.57.52:336][  0]LogConfig: Applying CVar settings from Section [PostProcessQuality@3] File [C:/Users/PC livio/Documents/GitHub/InfiniteNightmare/InfiniteNightmare/Saved/Config/Windows/Scalability.ini]
[2020.06.14-16.57.52:336][  0]LogConfig: Setting CVar [[r.MotionBlurQuality:4]]
[2020.06.14-16.57.52:336][  0]LogConfig: Setting CVar [[r.AmbientOcclusionMipLevelFactor:0.4]]
[2020.06.14-16.57.52:336][  0]LogConfig: Setting CVar [[r.AmbientOcclusionMaxQuality:100]]
[2020.06.14-16.57.52:336][  0]LogConfig: Setting CVar [[r.AmbientOcclusionLevels:-1]]
[2020.06.14-16.57.52:336][  0]LogConfig: Setting CVar [[r.AmbientOcclusionRadiusScale:1.0]]
[2020.06.14-16.57.52:336][  0]LogConfig: Setting CVar [[r.DepthOfFieldQuality:2]]
[2020.06.14-16.57.52:336][  0]LogConfig: Setting CVar [[r.RenderTargetPoolMin:400]]
[2020.06.14-16.57.52:336][  0]LogConfig: Setting CVar [[r.LensFlareQuality:2]]
[2020.06.14-16.57.52:336][  0]LogConfig: Setting CVar [[r.SceneColorFringeQuality:1]]
[2020.06.14-16.57.52:336][  0]LogConfig: Setting CVar [[r.EyeAdaptationQuality:2]]
[2020.06.14-16.57.52:336][  0]LogConfig: Setting CVar [[r.BloomQuality:5]]
[2020.06.14-16.57.52:336][  0]LogConfig: Setting CVar [[r.FastBlurThreshold:100]]
[2020.06.14-16.57.52:336][  0]LogConfig: Setting CVar [[r.Upscale.Quality:3]]
[2020.06.14-16.57.52:336][  0]LogConfig: Setting CVar [[r.Tonemapper.GrainQuantization:1]]
[2020.06.14-16.57.52:336][  0]LogConfig: Setting CVar [[r.LightShaftQuality:1]]
[2020.06.14-16.57.52:336][  0]LogConfig: Setting CVar [[r.Filter.SizeScale:1]]
[2020.06.14-16.57.52:336][  0]LogConfig: Setting CVar [[r.Tonemapper.Quality:5]]
[2020.06.14-16.57.52:336][  0]LogConfig: Setting CVar [[r.DOF.Gather.AccumulatorQuality:1        ; higher gathering accumulator quality]]
[2020.06.14-16.57.52:336][  0]LogConfig: Setting CVar [[r.DOF.Gather.PostfilterMethod:1          ; Median3x3 postfilering method]]
[2020.06.14-16.57.52:336][  0]LogConfig: Setting CVar [[r.DOF.Gather.EnableBokehSettings:0       ; no bokeh simulation when gathering]]
[2020.06.14-16.57.52:336][  0]LogConfig: Setting CVar [[r.DOF.Gather.RingCount:4                 ; medium number of samples when gathering]]
[2020.06.14-16.57.52:336][  0]LogConfig: Setting CVar [[r.DOF.Scatter.ForegroundCompositing:1    ; additive foreground scattering]]
[2020.06.14-16.57.52:336][  0]LogConfig: Setting CVar [[r.DOF.Scatter.BackgroundCompositing:2    ; additive background scattering]]
[2020.06.14-16.57.52:336][  0]LogConfig: Setting CVar [[r.DOF.Scatter.EnableBokehSettings:1      ; bokeh simulation when scattering]]
[2020.06.14-16.57.52:336][  0]LogConfig: Setting CVar [[r.DOF.Scatter.MaxSpriteRatio:0.1         ; only a maximum of 10% of scattered bokeh]]
[2020.06.14-16.57.52:336][  0]LogConfig: Setting CVar [[r.DOF.Recombine.Quality:1                ; cheap slight out of focus]]
[2020.06.14-16.57.52:336][  0]LogConfig: Setting CVar [[r.DOF.Recombine.EnableBokehSettings:0    ; no bokeh simulation on slight out of focus]]
[2020.06.14-16.57.52:336][  0]LogConfig: Setting CVar [[r.DOF.TemporalAAQuality:1                ; more stable temporal accumulation]]
[2020.06.14-16.57.52:336][  0]LogConfig: Setting CVar [[r.DOF.Kernel.MaxForegroundRadius:0.025]]
[2020.06.14-16.57.52:336][  0]LogConfig: Setting CVar [[r.DOF.Kernel.MaxBackgroundRadius:0.025]]
[2020.06.14-16.57.52:336][  0]LogConfig: Applying CVar settings from Section [TextureQuality@3] File [C:/Users/PC livio/Documents/GitHub/InfiniteNightmare/InfiniteNightmare/Saved/Config/Windows/Scalability.ini]
[2020.06.14-16.57.52:336][  0]LogConfig: Setting CVar [[r.Streaming.MipBias:0]]
[2020.06.14-16.57.52:336][  0]LogConfig: Setting CVar [[r.Streaming.AmortizeCPUToGPUCopy:0]]
[2020.06.14-16.57.52:336][  0]LogConfig: Setting CVar [[r.Streaming.MaxNumTexturesToStreamPerFrame:0]]
[2020.06.14-16.57.52:336][  0]LogConfig: Setting CVar [[r.Streaming.Boost:1]]
[2020.06.14-16.57.52:336][  0]LogConfig: Setting CVar [[r.MaxAnisotropy:8]]
[2020.06.14-16.57.52:336][  0]LogConfig: Setting CVar [[r.Streaming.LimitPoolSizeToVRAM:0]]
[2020.06.14-16.57.52:336][  0]LogConfig: Setting CVar [[r.Streaming.PoolSize:1000]]
[2020.06.14-16.57.52:336][  0]LogConfig: Setting CVar [[r.Streaming.MaxEffectiveScreenSize:0]]
[2020.06.14-16.57.52:336][  0]LogConfig: Applying CVar settings from Section [EffectsQuality@3] File [C:/Users/PC livio/Documents/GitHub/InfiniteNightmare/InfiniteNightmare/Saved/Config/Windows/Scalability.ini]
[2020.06.14-16.57.52:336][  0]LogConfig: Setting CVar [[r.TranslucencyLightingVolumeDim:64]]
[2020.06.14-16.57.52:336][  0]LogConfig: Setting CVar [[r.RefractionQuality:2]]
[2020.06.14-16.57.52:337][  0]LogConfig: Setting CVar [[r.SSR.Quality:3]]
[2020.06.14-16.57.52:337][  0]LogConfig: Setting CVar [[r.SceneColorFormat:4]]
[2020.06.14-16.57.52:337][  0]LogConfig: Setting CVar [[r.DetailMode:2]]
[2020.06.14-16.57.52:337][  0]LogConfig: Setting CVar [[r.TranslucencyVolumeBlur:1]]
[2020.06.14-16.57.52:337][  0]LogConfig: Setting CVar [[r.MaterialQualityLevel:1 ; High quality]]
[2020.06.14-16.57.52:337][  0]LogConfig: Setting CVar [[r.SSS.Scale:1]]
[2020.06.14-16.57.52:337][  0]LogConfig: Setting CVar [[r.SSS.SampleSet:2]]
[2020.06.14-16.57.52:337][  0]LogConfig: Setting CVar [[r.SSS.Quality:1]]
[2020.06.14-16.57.52:337][  0]LogConfig: Setting CVar [[r.SSS.HalfRes:1]]
[2020.06.14-16.57.52:337][  0]LogConfig: Setting CVar [[r.EmitterSpawnRateScale:1.0]]
[2020.06.14-16.57.52:337][  0]LogConfig: Setting CVar [[r.ParticleLightQuality:2]]
[2020.06.14-16.57.52:337][  0]LogConfig: Applying CVar settings from Section [FoliageQuality@3] File [C:/Users/PC livio/Documents/GitHub/InfiniteNightmare/InfiniteNightmare/Saved/Config/Windows/Scalability.ini]
[2020.06.14-16.57.52:337][  0]LogConfig: Setting CVar [[foliage.DensityScale:1.0]]
[2020.06.14-16.57.52:337][  0]LogConfig: Setting CVar [[grass.DensityScale:1.0]]
[2020.06.14-16.57.52:352][  0]LogInit: Selected Device Profile: [Windows]
[2020.06.14-16.57.52:360][  0]LogInit: Applying CVar settings loaded from the selected device profile: [Windows]
[2020.06.14-16.57.52:403][  0]LogHAL: Display: Platform has ~ 8 GB [8521285632 / 8589934592 / 8], which maps to Default [LargestMinGB=32, LargerMinGB=12, DefaultMinGB=8, SmallerMinGB=6, SmallestMinGB=0)
[2020.06.14-16.57.52:403][  0]LogInit: Going up to parent DeviceProfile []
[2020.06.14-16.57.52:408][  0]LogConfig: Applying CVar settings from Section [ViewDistanceQuality@3] File [C:/Users/PC livio/Documents/GitHub/InfiniteNightmare/InfiniteNightmare/Saved/Config/Windows/Scalability.ini]
[2020.06.14-16.57.52:408][  0]LogConfig: Setting CVar [[r.SkeletalMeshLODBias:0]]
[2020.06.14-16.57.52:408][  0]LogConfig: Setting CVar [[r.ViewDistanceScale:1.0]]
[2020.06.14-16.57.52:408][  0]LogConfig: Applying CVar settings from Section [AntiAliasingQuality@3] File [C:/Users/PC livio/Documents/GitHub/InfiniteNightmare/InfiniteNightmare/Saved/Config/Windows/Scalability.ini]
[2020.06.14-16.57.52:408][  0]LogConfig: Setting CVar [[r.PostProcessAAQuality:4]]
[2020.06.14-16.57.52:408][  0]LogConfig: Applying CVar settings from Section [ShadowQuality@3] File [C:/Users/PC livio/Documents/GitHub/InfiniteNightmare/InfiniteNightmare/Saved/Config/Windows/Scalability.ini]
[2020.06.14-16.57.52:408][  0]LogConfig: Setting CVar [[r.LightFunctionQuality:1]]
[2020.06.14-16.57.52:408][  0]LogConfig: Setting CVar [[r.ShadowQuality:5]]
[2020.06.14-16.57.52:408][  0]LogConfig: Setting CVar [[r.Shadow.CSM.MaxCascades:10]]
[2020.06.14-16.57.52:408][  0]LogConfig: Setting CVar [[r.Shadow.MaxResolution:2048]]
[2020.06.14-16.57.52:408][  0]LogConfig: Setting CVar [[r.Shadow.MaxCSMResolution:2048]]
[2020.06.14-16.57.52:408][  0]LogConfig: Setting CVar [[r.Shadow.RadiusThreshold:0.01]]
[2020.06.14-16.57.52:408][  0]LogConfig: Setting CVar [[r.Shadow.DistanceScale:1.0]]
[2020.06.14-16.57.52:408][  0]LogConfig: Setting CVar [[r.Shadow.CSM.TransitionScale:1.0]]
[2020.06.14-16.57.52:408][  0]LogConfig: Setting CVar [[r.Shadow.PreShadowResolutionFactor:1.0]]
[2020.06.14-16.57.52:408][  0]LogConfig: Setting CVar [[r.DistanceFieldShadowing:1]]
[2020.06.14-16.57.52:408][  0]LogConfig: Setting CVar [[r.DistanceFieldAO:1]]
[2020.06.14-16.57.52:408][  0]LogConfig: Setting CVar [[r.AOQuality:2]]
[2020.06.14-16.57.52:408][  0]LogConfig: Setting CVar [[r.VolumetricFog:1]]
[2020.06.14-16.57.52:408][  0]LogConfig: Setting CVar [[r.VolumetricFog.GridPixelSize:8]]
[2020.06.14-16.57.52:408][  0]LogConfig: Setting CVar [[r.VolumetricFog.GridSizeZ:128]]
[2020.06.14-16.57.52:408][  0]LogConfig: Setting CVar [[r.VolumetricFog.HistoryMissSupersampleCount:4]]
[2020.06.14-16.57.52:408][  0]LogConfig: Setting CVar [[r.LightMaxDrawDistanceScale:1]]
[2020.06.14-16.57.52:408][  0]LogConfig: Setting CVar [[r.CapsuleShadows:1]]
[2020.06.14-16.57.52:408][  0]LogConfig: Applying CVar settings from Section [PostProcessQuality@3] File [C:/Users/PC livio/Documents/GitHub/InfiniteNightmare/InfiniteNightmare/Saved/Config/Windows/Scalability.ini]
[2020.06.14-16.57.52:408][  0]LogConfig: Setting CVar [[r.MotionBlurQuality:4]]
[2020.06.14-16.57.52:408][  0]LogConfig: Setting CVar [[r.AmbientOcclusionMipLevelFactor:0.4]]
[2020.06.14-16.57.52:408][  0]LogConfig: Setting CVar [[r.AmbientOcclusionMaxQuality:100]]
[2020.06.14-16.57.52:408][  0]LogConfig: Setting CVar [[r.AmbientOcclusionLevels:-1]]
[2020.06.14-16.57.52:408][  0]LogConfig: Setting CVar [[r.AmbientOcclusionRadiusScale:1.0]]
[2020.06.14-16.57.52:408][  0]LogConfig: Setting CVar [[r.DepthOfFieldQuality:2]]
[2020.06.14-16.57.52:408][  0]LogConfig: Setting CVar [[r.RenderTargetPoolMin:400]]
[2020.06.14-16.57.52:409][  0]LogConfig: Setting CVar [[r.LensFlareQuality:2]]
[2020.06.14-16.57.52:409][  0]LogConfig: Setting CVar [[r.SceneColorFringeQuality:1]]
[2020.06.14-16.57.52:409][  0]LogConfig: Setting CVar [[r.EyeAdaptationQuality:2]]
[2020.06.14-16.57.52:409][  0]LogConfig: Setting CVar [[r.BloomQuality:5]]
[2020.06.14-16.57.52:409][  0]LogConfig: Setting CVar [[r.FastBlurThreshold:100]]
[2020.06.14-16.57.52:409][  0]LogConfig: Setting CVar [[r.Upscale.Quality:3]]
[2020.06.14-16.57.52:409][  0]LogConfig: Setting CVar [[r.Tonemapper.GrainQuantization:1]]
[2020.06.14-16.57.52:409][  0]LogConfig: Setting CVar [[r.LightShaftQuality:1]]
[2020.06.14-16.57.52:409][  0]LogConfig: Setting CVar [[r.Filter.SizeScale:1]]
[2020.06.14-16.57.52:409][  0]LogConfig: Setting CVar [[r.Tonemapper.Quality:5]]
[2020.06.14-16.57.52:409][  0]LogConfig: Setting CVar [[r.DOF.Gather.AccumulatorQuality:1        ; higher gathering accumulator quality]]
[2020.06.14-16.57.52:409][  0]LogConfig: Setting CVar [[r.DOF.Gather.PostfilterMethod:1          ; Median3x3 postfilering method]]
[2020.06.14-16.57.52:409][  0]LogConfig: Setting CVar [[r.DOF.Gather.EnableBokehSettings:0       ; no bokeh simulation when gathering]]
[2020.06.14-16.57.52:409][  0]LogConfig: Setting CVar [[r.DOF.Gather.RingCount:4                 ; medium number of samples when gathering]]
[2020.06.14-16.57.52:409][  0]LogConfig: Setting CVar [[r.DOF.Scatter.ForegroundCompositing:1    ; additive foreground scattering]]
[2020.06.14-16.57.52:409][  0]LogConfig: Setting CVar [[r.DOF.Scatter.BackgroundCompositing:2    ; additive background scattering]]
[2020.06.14-16.57.52:409][  0]LogConfig: Setting CVar [[r.DOF.Scatter.EnableBokehSettings:1      ; bokeh simulation when scattering]]
[2020.06.14-16.57.52:409][  0]LogConfig: Setting CVar [[r.DOF.Scatter.MaxSpriteRatio:0.1         ; only a maximum of 10% of scattered bokeh]]
[2020.06.14-16.57.52:409][  0]LogConfig: Setting CVar [[r.DOF.Recombine.Quality:1                ; cheap slight out of focus]]
[2020.06.14-16.57.52:409][  0]LogConfig: Setting CVar [[r.DOF.Recombine.EnableBokehSettings:0    ; no bokeh simulation on slight out of focus]]
[2020.06.14-16.57.52:409][  0]LogConfig: Setting CVar [[r.DOF.TemporalAAQuality:1                ; more stable temporal accumulation]]
[2020.06.14-16.57.52:409][  0]LogConfig: Setting CVar [[r.DOF.Kernel.MaxForegroundRadius:0.025]]
[2020.06.14-16.57.52:409][  0]LogConfig: Setting CVar [[r.DOF.Kernel.MaxBackgroundRadius:0.025]]
[2020.06.14-16.57.52:409][  0]LogConfig: Applying CVar settings from Section [TextureQuality@3] File [C:/Users/PC livio/Documents/GitHub/InfiniteNightmare/InfiniteNightmare/Saved/Config/Windows/Scalability.ini]
[2020.06.14-16.57.52:409][  0]LogConfig: Setting CVar [[r.Streaming.MipBias:0]]
[2020.06.14-16.57.52:409][  0]LogConfig: Setting CVar [[r.Streaming.AmortizeCPUToGPUCopy:0]]
[2020.06.14-16.57.52:409][  0]LogConfig: Setting CVar [[r.Streaming.MaxNumTexturesToStreamPerFrame:0]]
[2020.06.14-16.57.52:409][  0]LogConfig: Setting CVar [[r.Streaming.Boost:1]]
[2020.06.14-16.57.52:409][  0]LogConfig: Setting CVar [[r.MaxAnisotropy:8]]
[2020.06.14-16.57.52:409][  0]LogConfig: Setting CVar [[r.Streaming.LimitPoolSizeToVRAM:0]]
[2020.06.14-16.57.52:409][  0]LogConfig: Setting CVar [[r.Streaming.PoolSize:1000]]
[2020.06.14-16.57.52:409][  0]LogConfig: Setting CVar [[r.Streaming.MaxEffectiveScreenSize:0]]
[2020.06.14-16.57.52:409][  0]LogConfig: Applying CVar settings from Section [EffectsQuality@3] File [C:/Users/PC livio/Documents/GitHub/InfiniteNightmare/InfiniteNightmare/Saved/Config/Windows/Scalability.ini]
[2020.06.14-16.57.52:409][  0]LogConfig: Setting CVar [[r.TranslucencyLightingVolumeDim:64]]
[2020.06.14-16.57.52:409][  0]LogConfig: Setting CVar [[r.RefractionQuality:2]]
[2020.06.14-16.57.52:409][  0]LogConfig: Setting CVar [[r.SSR.Quality:3]]
[2020.06.14-16.57.52:409][  0]LogConfig: Setting CVar [[r.SceneColorFormat:4]]
[2020.06.14-16.57.52:409][  0]LogConfig: Setting CVar [[r.DetailMode:2]]
[2020.06.14-16.57.52:409][  0]LogConfig: Setting CVar [[r.TranslucencyVolumeBlur:1]]
[2020.06.14-16.57.52:409][  0]LogConfig: Setting CVar [[r.MaterialQualityLevel:1 ; High quality]]
[2020.06.14-16.57.52:409][  0]LogConfig: Setting CVar [[r.SSS.Scale:1]]
[2020.06.14-16.57.52:409][  0]LogConfig: Setting CVar [[r.SSS.SampleSet:2]]
[2020.06.14-16.57.52:409][  0]LogConfig: Setting CVar [[r.SSS.Quality:1]]
[2020.06.14-16.57.52:409][  0]LogConfig: Setting CVar [[r.SSS.HalfRes:1]]
[2020.06.14-16.57.52:409][  0]LogConfig: Setting CVar [[r.EmitterSpawnRateScale:1.0]]
[2020.06.14-16.57.52:409][  0]LogConfig: Setting CVar [[r.ParticleLightQuality:2]]
[2020.06.14-16.57.52:409][  0]LogConfig: Applying CVar settings from Section [FoliageQuality@3] File [C:/Users/PC livio/Documents/GitHub/InfiniteNightmare/InfiniteNightmare/Saved/Config/Windows/Scalability.ini]
[2020.06.14-16.57.52:409][  0]LogConfig: Setting CVar [[foliage.DensityScale:1.0]]
[2020.06.14-16.57.52:409][  0]LogConfig: Setting CVar [[grass.DensityScale:1.0]]
[2020.06.14-16.57.52:409][  0]LogConfig: Applying CVar settings from Section [Startup] File [../../../Engine/Config/ConsoleVariables.ini]
[2020.06.14-16.57.52:437][  0]LogConfig: Setting CVar [[net.UseAdaptiveNetUpdateFrequency:0]]
[2020.06.14-16.57.52:437][  0]LogConfig: Setting CVar [[p.chaos.AllowCreatePhysxBodies:1]]
[2020.06.14-16.57.52:437][  0]LogConfig: Applying CVar settings from Section [ConsoleVariables] File [C:/Users/PC livio/Documents/GitHub/InfiniteNightmare/InfiniteNightmare/Saved/Config/Windows/Engine.ini]
[2020.06.14-16.57.52:458][  0]LogInit: Computer: DESKTOP-4H4TTNE
[2020.06.14-16.57.52:458][  0]LogInit: User: Livio
[2020.06.14-16.57.52:458][  0]LogInit: CPU Page size=4096, Cores=4
[2020.06.14-16.57.52:458][  0]LogInit: High frequency timer resolution =10.000000 MHz
[2020.06.14-16.57.52:468][  0]LogMemory: Memory total: Physical=7.9GB (8GB approx)
[2020.06.14-16.57.52:474][  0]LogMemory: Platform Memory Stats for Windows
[2020.06.14-16.57.52:474][  0]LogMemory: Process Physical Memory: 100.76 MB used, 100.76 MB peak
[2020.06.14-16.57.52:474][  0]LogMemory: Process Virtual Memory: 99.79 MB used, 99.79 MB peak
[2020.06.14-16.57.52:474][  0]LogMemory: Physical Memory: 4268.05 MB used,  3858.48 MB free, 8126.53 MB total
[2020.06.14-16.57.52:474][  0]LogMemory: Virtual Memory: 4655.57 MB used,  134213072.00 MB free, 134217728.00 MB total
[2020.06.14-16.57.52:483][  0]LogWindows: WindowsPlatformFeatures enabled
[2020.06.14-16.57.53:641][  0]LogInit: Using OS detected language (fr-FR).
[2020.06.14-16.57.53:641][  0]LogInit: Using OS detected locale (fr-FR).
[2020.06.14-16.57.53:685][  0]LogTextLocalizationManager: No specific localization for 'fr-FR' exists, so the 'fr' localization will be used.
[2020.06.14-16.57.53:685][  0]LogTextLocalizationResource: LocRes '../../../Engine/Content/Localization/Editor/fr/Editor.locres' could not be opened for reading!
[2020.06.14-16.57.53:685][  0]LogTextLocalizationResource: LocRes '../../../Engine/Content/Localization/EditorTutorials/fr/EditorTutorials.locres' could not be opened for reading!
[2020.06.14-16.57.53:685][  0]LogTextLocalizationResource: LocRes '../../../Engine/Content/Localization/Keywords/fr/Keywords.locres' could not be opened for reading!
[2020.06.14-16.57.53:686][  0]LogTextLocalizationResource: LocRes '../../../Engine/Content/Localization/Category/fr/Category.locres' could not be opened for reading!
[2020.06.14-16.57.53:693][  0]LogTextLocalizationResource: LocRes '../../../Engine/Content/Localization/ToolTips/fr/ToolTips.locres' could not be opened for reading!
[2020.06.14-16.57.53:694][  0]LogTextLocalizationResource: LocRes '../../../Engine/Content/Localization/PropertyNames/fr/PropertyNames.locres' could not be opened for reading!
[2020.06.14-16.57.53:694][  0]LogTextLocalizationResource: LocRes '../../../Engine/Content/Localization/Engine/fr/Engine.locres' could not be opened for reading!
[2020.06.14-16.57.53:857][  0]LogInit: Setting process to per monitor DPI aware
[2020.06.14-16.57.54:637][  0]LogSlate: New Slate User Created.  User Index 0, Is Virtual User: 0
[2020.06.14-16.57.54:637][  0]LogSlate: Slate User Registered.  User Index 0, Is Virtual User: 0
[2020.06.14-16.57.58:836][  0]LogHMD: Failed to initialize OpenVR with code 110
[2020.06.14-16.57.58:836][  0]LogD3D11RHI: D3D11 adapters:
[2020.06.14-16.57.58:936][  0]LogD3D11RHI:    0. 'Radeon RX 570 Series' (Feature Level 11_0)
[2020.06.14-16.57.58:936][  0]LogD3D11RHI:       8171/0/4063 MB DedicatedVideo/DedicatedSystem/SharedSystem, Outputs:1, VendorId:0x1002
[2020.06.14-16.57.58:940][  0]LogD3D11RHI:    1. 'Microsoft Basic Render Driver' (Feature Level 11_0)
[2020.06.14-16.57.58:940][  0]LogD3D11RHI:       0/0/4063 MB DedicatedVideo/DedicatedSystem/SharedSystem, Outputs:0, VendorId:0x1414
[2020.06.14-16.57.58:940][  0]LogD3D11RHI: Chosen D3D11 Adapter: 0
[2020.06.14-16.57.58:968][  0]LogD3D11RHI: Creating new Direct3DDevice
[2020.06.14-16.57.58:968][  0]LogD3D11RHI:     GPU DeviceId: 0x67df (for the marketing name, search the web for "GPU Device Id")
[2020.06.14-16.57.58:968][  0]LogWindows: EnumDisplayDevices:
[2020.06.14-16.57.58:968][  0]LogWindows:    0. 'Radeon RX 570 Series' (P:1 D:1)
[2020.06.14-16.57.58:969][  0]LogWindows:    1. 'Radeon RX 570 Series' (P:0 D:0)
[2020.06.14-16.57.58:969][  0]LogWindows:    2. 'Radeon RX 570 Series' (P:0 D:0)
[2020.06.14-16.57.58:970][  0]LogWindows:    3. 'Radeon RX 570 Series' (P:0 D:0)
[2020.06.14-16.57.58:970][  0]LogWindows:    4. 'Radeon RX 570 Series' (P:0 D:0)
[2020.06.14-16.57.58:970][  0]LogWindows:    5. 'Radeon RX 570 Series' (P:0 D:0)
[2020.06.14-16.57.58:971][  0]LogWindows:    6. 'Radeon RX 570 Series' (P:0 D:0)
[2020.06.14-16.57.58:972][  0]LogWindows:    7. 'Radeon RX 570 Series' (P:0 D:0)
[2020.06.14-16.57.58:972][  0]LogWindows: DebugString: FoundDriverCount:8 
[2020.06.14-16.57.58:972][  0]LogD3D11RHI:     Adapter Name: Radeon RX 570 Series
[2020.06.14-16.57.58:973][  0]LogD3D11RHI:   Driver Version: Adrenalin 2020 20.4.2 (internal:26.20.15029.27016, unified:26.20.15029.27016)
[2020.06.14-16.57.58:973][  0]LogD3D11RHI:      Driver Date: 4-21-2020
[2020.06.14-16.57.58:973][  0]LogRHI: Texture pool is 5720 MB (70% of 8171 MB)
[2020.06.14-16.57.59:065][  0]LogD3D11RHI: Async texture creation enabled
[2020.06.14-16.57.59:329][  0]LogD3D11RHI: GPU Timing Frequency: 25.000000 (Debug: 2 1)
[2020.06.14-16.57.59:390][  0]LogD3D11RHI: HDR output is supported on display 0 (AMD Device: 0x0, Display: 0x0).
[2020.06.14-16.58.00:696][  0]LogTemp: Display: Module 'AllDesktopTargetPlatform' loaded TargetPlatform 'AllDesktop'
[2020.06.14-16.58.00:758][  0]LogTemp: Display: Module 'MacClientTargetPlatform' loaded TargetPlatform 'MacClient'
[2020.06.14-16.58.00:816][  0]LogTemp: Display: Module 'MacNoEditorTargetPlatform' loaded TargetPlatform 'MacNoEditor'
[2020.06.14-16.58.00:875][  0]LogTemp: Display: Module 'MacServerTargetPlatform' loaded TargetPlatform 'MacServer'
[2020.06.14-16.58.00:981][  0]LogTemp: Display: Module 'MacTargetPlatform' loaded TargetPlatform 'Mac'
[2020.06.14-16.58.01:045][  0]LogTemp: Display: Module 'WindowsClientTargetPlatform' loaded TargetPlatform 'WindowsClient'
[2020.06.14-16.58.01:091][  0]LogTemp: Display: Module 'WindowsNoEditorTargetPlatform' loaded TargetPlatform 'WindowsNoEditor'
[2020.06.14-16.58.01:141][  0]LogTemp: Display: Module 'WindowsServerTargetPlatform' loaded TargetPlatform 'WindowsServer'
[2020.06.14-16.58.01:176][  0]LogTemp: Display: Module 'WindowsTargetPlatform' loaded TargetPlatform 'Windows'
[2020.06.14-16.58.01:340][  0]LogTemp: Display: Module 'AndroidTargetPlatform' loaded TargetPlatform 'Android'
[2020.06.14-16.58.01:340][  0]LogTemp: Display: Module 'AndroidTargetPlatform' loaded TargetPlatform 'Android_ASTC'
[2020.06.14-16.58.01:340][  0]LogTemp: Display: Module 'AndroidTargetPlatform' loaded TargetPlatform 'Android_ATC'
[2020.06.14-16.58.01:340][  0]LogTemp: Display: Module 'AndroidTargetPlatform' loaded TargetPlatform 'Android_DXT'
[2020.06.14-16.58.01:340][  0]LogTemp: Display: Module 'AndroidTargetPlatform' loaded TargetPlatform 'Android_ETC1'
[2020.06.14-16.58.01:340][  0]LogTemp: Display: Module 'AndroidTargetPlatform' loaded TargetPlatform 'Android_ETC1a'
[2020.06.14-16.58.01:340][  0]LogTemp: Display: Module 'AndroidTargetPlatform' loaded TargetPlatform 'Android_ETC2'
[2020.06.14-16.58.01:340][  0]LogTemp: Display: Module 'AndroidTargetPlatform' loaded TargetPlatform 'Android_PVRTC'
[2020.06.14-16.58.01:340][  0]LogTemp: Display: Module 'AndroidTargetPlatform' loaded TargetPlatform 'AndroidClient'
[2020.06.14-16.58.01:340][  0]LogTemp: Display: Module 'AndroidTargetPlatform' loaded TargetPlatform 'Android_ASTCClient'
[2020.06.14-16.58.01:340][  0]LogTemp: Display: Module 'AndroidTargetPlatform' loaded TargetPlatform 'Android_ATCClient'
[2020.06.14-16.58.01:340][  0]LogTemp: Display: Module 'AndroidTargetPlatform' loaded TargetPlatform 'Android_DXTClient'
[2020.06.14-16.58.01:340][  0]LogTemp: Display: Module 'AndroidTargetPlatform' loaded TargetPlatform 'Android_ETC1Client'
[2020.06.14-16.58.01:340][  0]LogTemp: Display: Module 'AndroidTargetPlatform' loaded TargetPlatform 'Android_ETC1aClient'
[2020.06.14-16.58.01:340][  0]LogTemp: Display: Module 'AndroidTargetPlatform' loaded TargetPlatform 'Android_ETC2Client'
[2020.06.14-16.58.01:340][  0]LogTemp: Display: Module 'AndroidTargetPlatform' loaded TargetPlatform 'Android_PVRTCClient'
[2020.06.14-16.58.01:340][  0]LogTemp: Display: Module 'AndroidTargetPlatform' loaded TargetPlatform 'Android_Multi'
[2020.06.14-16.58.01:340][  0]LogTemp: Display: Module 'AndroidTargetPlatform' loaded TargetPlatform 'Android_MultiClient'
[2020.06.14-16.58.01:377][  0]LogTemp: Display: Module 'HTML5TargetPlatform' loaded TargetPlatform 'HTML5'
[2020.06.14-16.58.01:581][  0]LogTemp: Display: Module 'IOSTargetPlatform' loaded TargetPlatform 'IOSClient'
[2020.06.14-16.58.01:581][  0]LogTemp: Display: Module 'IOSTargetPlatform' loaded TargetPlatform 'IOS'
[2020.06.14-16.58.01:621][  0]LogTemp: Display: Module 'TVOSTargetPlatform' loaded TargetPlatform 'TVOSClient'
[2020.06.14-16.58.01:621][  0]LogTemp: Display: Module 'TVOSTargetPlatform' loaded TargetPlatform 'TVOS'
[2020.06.14-16.58.01:679][  0]LogTemp: Display: Module 'LinuxClientTargetPlatform' loaded TargetPlatform 'LinuxClient'
[2020.06.14-16.58.01:721][  0]LogTemp: Display: Module 'LinuxNoEditorTargetPlatform' loaded TargetPlatform 'LinuxNoEditor'
[2020.06.14-16.58.01:755][  0]LogTemp: Display: Module 'LinuxServerTargetPlatform' loaded TargetPlatform 'LinuxServer'
[2020.06.14-16.58.01:815][  0]LogTemp: Display: Module 'LinuxTargetPlatform' loaded TargetPlatform 'Linux'
[2020.06.14-16.58.01:903][  0]LogTemp: Display: Module 'LuminTargetPlatform' loaded TargetPlatform 'Lumin'
[2020.06.14-16.58.01:903][  0]LogTemp: Display: Module 'LuminTargetPlatform' loaded TargetPlatform 'LuminClient'
[2020.06.14-16.58.01:903][  0]LogTargetPlatformManager: Display: Building Assets For Windows
[2020.06.14-16.58.02:191][  0]LogAudioDebug: Display: Lib vorbis DLL was dynamically loaded.
[2020.06.14-16.58.03:252][  0]LogShaderCompilers: Guid format shader working directory is -22 characters bigger than the processId version (C:/Users/PC livio/Documents/GitHub/InfiniteNightmare/InfiniteNightmare/Intermediate/Shaders/WorkingDirectory/10808/).
[2020.06.14-16.58.03:252][  0]LogShaderCompilers: Cleaned the shader compiler working directory 'C:/Users/PC livio/AppData/Local/Temp/UnrealShaderWorkingDir/7682713E4B3205B455C43889F6D3E6F3/'.
[2020.06.14-16.58.03:270][  0]LogXGEController: Cleaning working directory: C:/Users/PC livio/AppData/Local/Temp/UnrealXGEWorkingDir/
[2020.06.14-16.58.03:270][  0]LogXGEController: Cannot use XGE Controller as Incredibuild is not installed on this machine.
[2020.06.14-16.58.03:271][  0]LogShaderCompilers: Cannot use XGE Shader Compiler as Incredibuild is not installed on this machine.
[2020.06.14-16.58.03:271][  0]LogShaderCompilers: Display: Using Local Shader Compiler.
[2020.06.14-16.58.09:913][  0]LogDerivedDataCache: Display: Max Cache Size: 512 MB
[2020.06.14-16.58.10:186][  0]LogDerivedDataCache: Loaded boot cache 0.27s 73MB C:/Users/PC livio/AppData/Local/UnrealEngine/4.23/DerivedDataCache/Boot.ddc.
[2020.06.14-16.58.10:186][  0]LogDerivedDataCache: Display: Loaded Boot cache: C:/Users/PC livio/AppData/Local/UnrealEngine/4.23/DerivedDataCache/Boot.ddc
[2020.06.14-16.58.10:187][  0]LogDerivedDataCache: FDerivedDataBackendGraph:  Pak pak cache file C:/Users/PC livio/Documents/GitHub/InfiniteNightmare/InfiniteNightmare/DerivedDataCache/DDC.ddp not found, will not use a pak cache.
[2020.06.14-16.58.10:187][  0]LogDerivedDataCache: Unable to find inner node Pak for hierarchical cache Hierarchy.
[2020.06.14-16.58.10:187][  0]LogDerivedDataCache: FDerivedDataBackendGraph:  CompressedPak pak cache file C:/Users/PC livio/Documents/GitHub/InfiniteNightmare/InfiniteNightmare/DerivedDataCache/Compressed.ddp not found, will not use a pak cache.
[2020.06.14-16.58.10:187][  0]LogDerivedDataCache: Unable to find inner node CompressedPak for hierarchical cache Hierarchy.
[2020.06.14-16.58.10:291][  0]LogDerivedDataCache: Display: Pak cache opened for reading ../../../Engine/DerivedDataCache/Compressed.ddp.
[2020.06.14-16.58.10:291][  0]LogDerivedDataCache: FDerivedDataBackendGraph:  EnterprisePak pak cache file ../../../Enterprise/DerivedDataCache/Compressed.ddp not found, will not use a pak cache.
[2020.06.14-16.58.10:291][  0]LogDerivedDataCache: Unable to find inner node EnterprisePak for hierarchical cache Hierarchy.
[2020.06.14-16.58.10:297][  0]LogDerivedDataCache: Using Local data cache path C:/Users/PC livio/AppData/Local/UnrealEngine/Common/DerivedDataCache: Writable
[2020.06.14-16.58.10:297][  0]LogDerivedDataCache: Shared data cache path not found in *engine.ini, will not use an Shared cache.
[2020.06.14-16.58.10:297][  0]LogDerivedDataCache: Unable to find inner node Shared for hierarchical cache Hierarchy.
[2020.06.14-16.58.10:371][  0]LogMaterial: Verifying Global Shaders for PCD3D_SM5
[2020.06.14-16.58.10:471][  0]LogSlate: Using FreeType 2.6.0
[2020.06.14-16.58.10:563][  0]LogSlate: SlateFontServices - WITH_FREETYPE: 1, WITH_HARFBUZZ: 1
[2020.06.14-16.58.11:574][  0]LogAssetRegistry: FAssetRegistry took 0.0108 seconds to start up
[2020.06.14-16.58.16:471][  0]LogInit: Selected Device Profile: [Windows]
[2020.06.14-16.58.24:611][  0]LogMeshReduction: Using QuadricMeshReduction for automatic static mesh reduction
[2020.06.14-16.58.24:611][  0]LogMeshReduction: Using SimplygonMeshReduction for automatic skeletal mesh reduction
[2020.06.14-16.58.24:611][  0]LogMeshReduction: Using ProxyLODMeshReduction for automatic mesh merging
[2020.06.14-16.58.24:611][  0]LogMeshReduction: No distributed automatic mesh merging module available
[2020.06.14-16.58.24:621][  0]LogMeshMerging: No distributed automatic mesh merging module available
[2020.06.14-16.58.25:352][  0]LogNetVersion: InfiniteNightmare 1.0.0, NetCL: 8386587, EngineNetVer: 11, GameNetVer: 0 (Checksum: 1244214941)
[2020.06.14-16.58.32:167][  0]LogPackageLocalizationCache: Processed 12 localized package path(s) for 1 prioritized culture(s) in 0.158692 seconds
[2020.06.14-16.58.32:180][  0]LogUObjectArray: 43445 objects as part of root set at end of initial load.
[2020.06.14-16.58.32:181][  0]LogUObjectAllocator: 7548872 out of 0 bytes used by permanent object pool.
[2020.06.14-16.58.32:181][  0]LogUObjectArray: CloseDisregardForGC: 0/0 objects in disregard for GC pool
[2020.06.14-16.58.54:690][  0]LogTcpMessaging: Initializing TcpMessaging bridge
[2020.06.14-16.58.54:772][  0]LogUdpMessaging: Initializing bridge on interface 0.0.0.0:0 to multicast group 230.0.0.1:6666.
[2020.06.14-16.58.56:067][  0]SourceControl: Source control is disabled
[2020.06.14-16.58.56:076][  0]SourceControl: Source control is disabled
[2020.06.14-16.58.56:222][  0]SourceControl: Source control is disabled
[2020.06.14-16.58.56:277][  0]SourceControl: Source control is disabled
[2020.06.14-16.58.58:509][  0]LogAndroidPermission: UAndroidPermissionCallbackProxy::GetInstance
[2020.06.14-16.59.00:043][  0]LogOcInput: OculusInput pre-init called
[2020.06.14-16.59.00:175][  0]LogWindows: Failed to load 'OVRPlugin.dll' (GetLastError=126)
[2020.06.14-16.59.00:175][  0]LogWindows: File 'OVRPlugin.dll' does not exist
[2020.06.14-16.59.01:744][  0]LogEngine: Initializing Engine...
[2020.06.14-16.59.01:785][  0]LogHMD: Failed to initialize OpenVR with code 110
[2020.06.14-16.59.01:839][  0]LogStats: UGameplayTagsManager::InitializeManager -  0.028 s
[2020.06.14-16.59.03:005][  0]LogInit: Initializing FReadOnlyCVARCache
[2020.06.14-16.59.03:508][  0]LogAIModule: Creating AISystem for world Untitled
[2020.06.14-16.59.03:814][  0]LogInit: XAudio2 using 'Haut-parleurs (2- USB PnP Audio Device)' : 2 channels at 48 kHz using 16 bits per sample (channel mask 0x3)
[2020.06.14-16.59.03:842][  0]LogInit: FAudioDevice initialized.
[2020.06.14-16.59.03:842][  0]LogNetVersion: Set ProjectVersion to 1.0.0.0. Version Checksum will be recalculated on next use.
[2020.06.14-16.59.03:947][  0]LogDerivedDataCache: Saved boot cache 0.11s 73MB C:/Users/PC livio/AppData/Local/UnrealEngine/4.23/DerivedDataCache/Boot.ddc.
[2020.06.14-16.59.03:953][  0]LogInit: Texture streaming: Enabled
[2020.06.14-16.59.04:152][  0]LogEngineSessionManager: EngineSessionManager initialized
[2020.06.14-16.59.04:152][  0]LogEngineSessionManager: EngineSessionManager sent abnormal shutdown report. Type=AbnormalShutdown, SessionId={DAD41236-4D27-7C12-0815-6CBD9B42E0CD}
[2020.06.14-16.59.04:152][  0]LogEditorSessionSummary: Verbose: Initializing EditorSessionSummaryWriter for editor session tracking
[2020.06.14-16.59.04:161][  0]LogEditorSessionSummary: EditorSessionSummaryWriter initialized
[2020.06.14-16.59.05:477][  0]LogInit: Transaction tracking system initialized
[2020.06.14-16.59.07:344][  0]BlueprintLog: New page: Editor Load
[2020.06.14-16.59.12:130][  0]LocalizationService: Localization service is disabled
[2020.06.14-16.59.21:117][  0]LogFileCache: Scanning file cache for directory 'C:/Users/PC livio/Documents/GitHub/InfiniteNightmare/InfiniteNightmare/Content/' took 0.06s
[2020.06.14-16.59.21:117][  0]LogCook: Display: Max memory allowance for cook 16384mb min free memory 0mb
[2020.06.14-16.59.21:117][  0]LogCook: Display: Mobile HDR setting 1
[2020.06.14-16.59.34:709][  0]SourceControl: Source control is disabled
[2020.06.14-16.59.34:918][  0]Cmd: MAP LOAD FILE="../../../Engine/Content/Maps/Templates/Template_Default.umap" TEMPLATE=1 SHOWPROGRESS=1 FEATURELEVEL=3
[2020.06.14-16.59.35:072][  0]LightingResults: New page: Lighting Build
[2020.06.14-16.59.35:533][  0]LogWorld: UWorld::CleanupWorld for Untitled, bSessionEnded=true, bCleanupResources=true
[2020.06.14-16.59.35:695][  0]MapCheck: New page: Map Check
[2020.06.14-16.59.35:695][  0]LightingResults: New page: Lighting Build
[2020.06.14-16.59.36:266][  0]LogUObjectHash: Compacting FUObjectHashTables data took   2.15ms
[2020.06.14-16.59.39:146][  0]LogAIModule: Creating AISystem for world Untitled_1
[2020.06.14-16.59.40:322][  0]LogEditorServer: Finished looking for orphan Actors (0.000 secs)
[2020.06.14-16.59.40:571][  0]LogUObjectHash: Compacting FUObjectHashTables data took   2.61ms
[2020.06.14-16.59.40:572][  0]Cmd: MAP CHECKDEP NOCLEARLOG
[2020.06.14-16.59.40:616][  0]MapCheck: Map check complete: 0 Error(s), 0 Warning(s), took 44,582ms to complete.
[2020.06.14-16.59.40:616][  0]LogFileHelpers: Loading map 'Template_Default' took 5.826
[2020.06.14-16.59.44:847][  0]LogSlate: Updating window title bar state: overlay mode, drag disabled, window buttons hidden, title bar hidden
[2020.06.14-16.59.44:873][  0]LogSlate: Updating window title bar state: overlay mode, drag disabled, window buttons hidden, title bar hidden
[2020.06.14-16.59.44:882][  0]LogSlate: Updating window title bar state: overlay mode, drag disabled, window buttons hidden, title bar hidden
[2020.06.14-16.59.44:892][  0]LogSlate: Updating window title bar state: overlay mode, drag disabled, window buttons hidden, title bar hidden
[2020.06.14-16.59.45:494][  0]LogCollectionManager: Loaded 0 collections in 0.003261 seconds
[2020.06.14-16.59.46:213][  0]LogFileCache: Scanning file cache for directory 'C:/Users/PC livio/Documents/GitHub/InfiniteNightmare/InfiniteNightmare/Saved/Collections/' took 0.00s
[2020.06.14-16.59.46:213][  0]LogFileCache: Scanning file cache for directory 'C:/Users/PC livio/Documents/GitHub/InfiniteNightmare/InfiniteNightmare/Content/Developers/Livio/Collections/' took 0.00s
[2020.06.14-16.59.46:213][  0]LogFileCache: Scanning file cache for directory 'C:/Users/PC livio/Documents/GitHub/InfiniteNightmare/InfiniteNightmare/Content/Collections/' took 0.00s
[2020.06.14-16.59.46:213][  0]LogCollectionManager: Rebuilt the GUID cache for 0 collections in 0.000004 seconds
[2020.06.14-16.59.46:258][  0]LogContentBrowser: Native class hierarchy populated in 0.0377 seconds. Added 2863 classes and 680 folders.
[2020.06.14-16.59.46:456][  0]LogContentBrowser: Native class hierarchy updated for 'WidgetCarousel' in 0.0003 seconds. Added 0 classes and 0 folders.
[2020.06.14-16.59.49:998][  0]LogContentBrowser: Native class hierarchy updated for 'AddContentDialog' in 0.0003 seconds. Added 0 classes and 0 folders.
[2020.06.14-16.59.50:316][  0]LogContentBrowser: Native class hierarchy updated for 'SceneOutliner' in 0.0004 seconds. Added 1 classes and 2 folders.
[2020.06.14-16.59.52:949][  0]LogSlate: Took 0.044673 seconds to synchronously load lazily loaded font '../../../Engine/Content/Slate/Fonts/Roboto-Regular.ttf' (155K)
[2020.06.14-16.59.53:012][  0]LogSlate: Took 0.049539 seconds to synchronously load lazily loaded font '../../../Engine/Content/Slate/Fonts/Roboto-Bold.ttf' (160K)
[2020.06.14-16.59.53:075][  0]LogSlate: Took 0.025370 seconds to synchronously load lazily loaded font '../../../Engine/Content/Editor/Slate/Fonts/FontAwesome.ttf' (139K)
[2020.06.14-16.59.53:726][  0]LogRenderer: Reallocating scene render targets to support 1616x808 Format 10 NumSamples 1 (Frame:1).
[2020.06.14-16.59.55:083][  0]LogContentBrowser: Native class hierarchy updated for 'HierarchicalLODOutliner' in 0.0003 seconds. Added 0 classes and 0 folders.
[2020.06.14-16.59.55:083][  0]LogLoad: (Engine Initialization) Total time: 145.28 seconds
[2020.06.14-16.59.55:083][  0]LogLoad: (Engine Initialization) Total Blueprint compile time: 0.08 seconds
[2020.06.14-16.59.55:456][  0]LogContentStreaming: Texture pool size now 1000 MB
[2020.06.14-16.59.59:137][ 45]LogAssetRegistry: Asset discovery search completed in 107.5644 seconds
[2020.06.14-16.59.59:167][ 45]LogCollectionManager: Rebuilt the object cache for 0 collections in 0.009373 seconds (found 0 objects)
[2020.06.14-16.59.59:167][ 45]LogCollectionManager: Fixed up redirectors for 0 collections in 0.009463 seconds (updated 0 objects)
[2020.06.14-17.01.47:601][560]LogSlate: FSceneViewport::OnFocusLost() reason 0
[2020.06.14-17.01.47:699][565]LogSlate: Took 0.020893 seconds to synchronously load lazily loaded font '../../../Engine/Content/Slate/Fonts/Roboto-Light.ttf' (167K)
[2020.06.14-17.01.47:932][565]LogLinker: Warning: While loading 'C:/Users/PC livio/Documents/GitHub/InfiniteNightmare/InfiniteNightmare/Content/Maps/PrincipalMap.umap' failed to load '/Game/Props/woodenBox': Can't find file.
[2020.06.14-17.01.47:932][565]LogLinker: Warning: While loading 'C:/Users/PC livio/Documents/GitHub/InfiniteNightmare/InfiniteNightmare/Content/Maps/PrincipalMap.umap' failed to load '/Game/Props/woodenBox': Can't find file.
[2020.06.14-17.01.47:933][565]LogLinker: Warning: While loading 'C:/Users/PC livio/Documents/GitHub/InfiniteNightmare/InfiniteNightmare/Content/Maps/PrincipalMap.umap' failed to load '/Game/Props/woodenBox': Can't find file.
[2020.06.14-17.01.47:933][565]LogLinker: Warning: While loading 'C:/Users/PC livio/Documents/GitHub/InfiniteNightmare/InfiniteNightmare/Content/Maps/PrincipalMap.umap' failed to load '/Game/Props/woodenBox': Can't find file.
[2020.06.14-17.01.47:937][565]LogLinker: Warning: Failed to load '/Game/Props/woodenBox': Can't find file.
[2020.06.14-17.01.47:937][565]LogLinker: Warning: Failed to load '/Game/Props/woodenBox': Can't find file.
[2020.06.14-17.01.47:937][565]LogLinker: Warning: Failed to load '/Game/Props/woodenBox': Can't find file.
[2020.06.14-17.01.47:937][565]LogLinker: Warning: Failed to load '/Game/Props/woodenBox': Can't find file.
[2020.06.14-17.01.48:018][565]LogLinker: Warning: While loading 'C:/Users/PC livio/Documents/GitHub/InfiniteNightmare/InfiniteNightmare/Content/Maps/PrincipalMap.umap' failed to load '/Game/Props/woodenBox': Can't find file.
[2020.06.14-17.01.48:037][565]LoadErrors: Failed to load /Game/Props/woodenBox.woodenBox Referenced by woodenBox_14
[2020.06.14-17.01.48:037][565]LogLinker: Warning: While loading 'C:/Users/PC livio/Documents/GitHub/InfiniteNightmare/InfiniteNightmare/Content/Maps/PrincipalMap.umap' failed to load '/Game/Props/woodenBox': Can't find file.
[2020.06.14-17.01.48:604][565]LogAIModule: Creating AISystem for world PrincipalMap
[2020.06.14-17.01.48:713][565]LogAssetEditorManager: Opening Asset editor for World /Game/Maps/PrincipalMap.PrincipalMap
[2020.06.14-17.01.48:783][565]LogUObjectHash: Compacting FUObjectHashTables data took   2.35ms
[2020.06.14-17.01.48:827][565]Cmd: MAP LOAD FILE="C:/Users/PC livio/Documents/GitHub/InfiniteNightmare/InfiniteNightmare/Content/Maps/PrincipalMap.umap" TEMPLATE=0 SHOWPROGRESS=1 FEATURELEVEL=3
[2020.06.14-17.01.48:827][565]LightingResults: New page: Lighting Build
[2020.06.14-17.01.48:828][565]LoadErrors: New page: Loading map: PrincipalMap.umap
[2020.06.14-17.01.48:884][565]LogWorld: UWorld::CleanupWorld for Untitled_1, bSessionEnded=true, bCleanupResources=true
[2020.06.14-17.01.48:906][565]MapCheck: New page: Map Check
[2020.06.14-17.01.48:906][565]LightingResults: New page: Lighting Build
[2020.06.14-17.01.49:040][565]LogUObjectHash: Compacting FUObjectHashTables data took   2.24ms
[2020.06.14-17.01.50:794][565]LogEditorServer: Finished looking for orphan Actors (0.000 secs)
[2020.06.14-17.01.50:838][565]LogUObjectHash: Compacting FUObjectHashTables data took   2.14ms
[2020.06.14-17.01.50:902][565]Cmd: MAP CHECKDEP NOCLEARLOG
[2020.06.14-17.01.50:902][565]MapCheck: Map check complete: 0 Error(s), 0 Warning(s), took 0,155ms to complete.
[2020.06.14-17.01.50:902][565]LogFileHelpers: Loading map 'PrincipalMap' took 2.119
[2020.06.14-17.01.52:018][651]LogTemp: Repeating last play command: New Editor Window (PIE)
[2020.06.14-17.01.52:085][651]LogBlueprintUserMessages: Early PlayInEditor Detection: Level '/Game/Maps/PrincipalMap.PrincipalMap:PersistentLevel' has LevelScriptBlueprint '/Game/Maps/PrincipalMap.PrincipalMap:PersistentLevel.PrincipalMap' with GeneratedClass '/Game/Maps/PrincipalMap.PrincipalMap_C' with ClassGeneratedBy '/Game/Maps/PrincipalMap.PrincipalMap:PersistentLevel.PrincipalMap'
[2020.06.14-17.01.52:119][651]LogPlayLevel: PlayLevel: No blueprints needed recompiling
[2020.06.14-17.01.52:163][651]PIE: New page: PIE session: PrincipalMap (14 juin 2020 21:01:52)
[2020.06.14-17.01.52:219][651]LogOnline: OSS: Creating online subsystem instance for: NULL
[2020.06.14-17.01.52:245][651]LogPlayLevel: Creating play world package: /Game/Maps/UEDPIE_0_PrincipalMap
[2020.06.14-17.01.52:389][651]LogPlayLevel: PIE: StaticDuplicateObject took: (0.143105s)
[2020.06.14-17.01.52:405][651]LogAIModule: Creating AISystem for world PrincipalMap
[2020.06.14-17.01.52:428][651]LogPlayLevel: PIE: World Init took: (0.038777s)
[2020.06.14-17.01.52:428][651]LogPlayLevel: PIE: Created PIE world by copying editor world from /Game/Maps/PrincipalMap.PrincipalMap to /Game/Maps/UEDPIE_0_PrincipalMap.PrincipalMap (0.182354s)
[2020.06.14-17.01.52:458][651]LogUObjectHash: Compacting FUObjectHashTables data took   1.72ms
[2020.06.14-17.01.52:568][651]LogInit: XAudio2 using 'Haut-parleurs (2- USB PnP Audio Device)' : 2 channels at 48 kHz using 16 bits per sample (channel mask 0x3)
[2020.06.14-17.01.52:584][651]LogInit: FAudioDevice initialized.
[2020.06.14-17.01.52:665][651]LogSlate: Updating window title bar state: overlay mode, drag disabled, window buttons hidden, title bar hidden
[2020.06.14-17.01.53:826][651]LogLoad: Game class is 'NewGameMode_C'
[2020.06.14-17.01.53:952][651]LogWorld: Bringing World /Game/Maps/UEDPIE_0_PrincipalMap.PrincipalMap up for play (max tick rate 0) at 2020.06.14-19.01.53
[2020.06.14-17.01.54:063][651]LogWorld: Bringing up level for play took: 0.116367
[2020.06.14-17.01.54:092][651]LogOnline: OSS: Creating online subsystem instance for: :Context_1
[2020.06.14-17.01.54:412][651]LogContentBrowser: Native class hierarchy updated for 'MovieSceneCapture' in 0.0004 seconds. Added 20 classes and 0 folders.
[2020.06.14-17.01.55:023][651]PIE: Play in editor start time for /Game/Maps/UEDPIE_0_PrincipalMap 2,033
[2020.06.14-17.01.55:023][651]LogBlueprintUserMessages: Late PlayInEditor Detection: Level '/Game/Maps/PrincipalMap.PrincipalMap:PersistentLevel' has LevelScriptBlueprint '/Game/Maps/PrincipalMap.PrincipalMap:PersistentLevel.PrincipalMap' with GeneratedClass '/Game/Maps/PrincipalMap.PrincipalMap_C' with ClassGeneratedBy '/Game/Maps/PrincipalMap.PrincipalMap:PersistentLevel.PrincipalMap'
[2020.06.14-17.01.55:480][652]LogEditorSessionSummary: EditorSessionSummary sent report. Type=Shutdown, SessionId={AA8EFA43-4D70-6255-3A73-CCB6ED5889C2}
[2020.06.14-17.01.58:441][951]LogBlueprintUserMessages: Early EndPlayMap Detection: Level '/Game/Maps/PrincipalMap.PrincipalMap:PersistentLevel' has LevelScriptBlueprint '/Game/Maps/PrincipalMap.PrincipalMap:PersistentLevel.PrincipalMap' with GeneratedClass '/Game/Maps/PrincipalMap.PrincipalMap_C' with ClassGeneratedBy '/Game/Maps/PrincipalMap.PrincipalMap:PersistentLevel.PrincipalMap'
[2020.06.14-17.01.58:557][951]LogSlate: Updating window title bar state: overlay mode, drag disabled, window buttons hidden, title bar hidden
[2020.06.14-17.01.58:557][951]LogWorld: BeginTearingDown for /Game/Maps/UEDPIE_0_PrincipalMap
[2020.06.14-17.01.58:578][951]LogSlate: Window 'InfiniteNightmare Game Preview Standalone (64-bit/PCD3D_SM5)' being destroyed
[2020.06.14-17.01.58:737][951]LogWorld: UWorld::CleanupWorld for PrincipalMap, bSessionEnded=true, bCleanupResources=true
[2020.06.14-17.01.58:871][951]LogPlayLevel: Display: Shutting down PIE online subsystems
[2020.06.14-17.01.58:873][951]LogBlueprintUserMessages: Late EndPlayMap Detection: Level '/Game/Maps/PrincipalMap.PrincipalMap:PersistentLevel' has LevelScriptBlueprint '/Game/Maps/PrincipalMap.PrincipalMap:PersistentLevel.PrincipalMap' with GeneratedClass '/Game/Maps/PrincipalMap.PrincipalMap_C' with ClassGeneratedBy '/Game/Maps/PrincipalMap.PrincipalMap:PersistentLevel.PrincipalMap'
[2020.06.14-17.01.59:690][951]LogUObjectHash: Compacting FUObjectHashTables data took   3.02ms
[2020.06.14-17.01.59:710][952]LogPlayLevel: Display: Destroying online subsystem :Context_1
[2020.06.14-17.02.15:816][595]LogAssetEditorManager: Opening Asset editor for WidgetBlueprint /Game/HUD/HUD_player.HUD_player
[2020.06.14-17.02.17:257][595]LogContentBrowser: Native class hierarchy updated for 'BlueprintGraph' in 0.0007 seconds. Added 121 classes and 0 folders.
[2020.06.14-17.02.21:185][595]LogSlate: Took 0.032909 seconds to synchronously load lazily loaded font '../../../Engine/Content/Slate/Fonts/Roboto-BoldCondensed.ttf' (158K)
[2020.06.14-17.02.55:692][185]LogEditorSessionSummary: EditorSessionSummary sent report. Type=Shutdown, SessionId={5075929F-4A66-E2E2-E0A8-F8B1FADDBCC0}
[2020.06.14-17.03.42:642][339]LogSlate: Took 0.135147 seconds to synchronously load lazily loaded font '../../../Engine/Content/Slate/Fonts/DroidSansFallback.ttf' (3848K)
[2020.06.14-17.04.10:561][832]LogFactory: FactoryCreateFile: Texture with ReimportTextureFactory (0 0 C:\Users\PC livio\Desktop\Menu\Viseur.png)
[2020.06.14-17.04.10:599][832]LogTexture: Display: Building textures: Viseur (BGRA8, 33X33)
[2020.06.14-17.04.55:692][807]LogEditorSessionSummary: EditorSessionSummary sent report. Type=AbnormalShutdown, SessionId={DAD41236-4D27-7C12-0815-6CBD9B42E0CD}
[2020.06.14-17.05.46:734][871]BlueprintLog: New page: Compile HUD_player
[2020.06.14-17.05.47:622][871]LogUObjectHash: Compacting FUObjectHashTables data took   7.32ms
[2020.06.14-17.05.48:228][917]Cmd: OBJ SAVEPACKAGE PACKAGE="/Game/HUD/HUD_player" FILE="C:/Users/PC livio/Documents/GitHub/InfiniteNightmare/InfiniteNightmare/Content/HUD/HUD_player.uasset" SILENT=true
[2020.06.14-17.05.48:407][917]LogSavePackage: Moving 'C:/Users/PC livio/Documents/GitHub/InfiniteNightmare/InfiniteNightmare/Saved/HUD_player1D83E2EC4047FDF3B236B7A539EBEA2B.tmp' to 'C:/Users/PC livio/Documents/GitHub/InfiniteNightmare/InfiniteNightmare/Content/HUD/HUD_player.uasset'
[2020.06.14-17.05.50:417][137]LogTemp: Repeating last play command: New Editor Window (PIE)
[2020.06.14-17.05.50:445][137]LogBlueprintUserMessages: Early PlayInEditor Detection: Level '/Game/Maps/PrincipalMap.PrincipalMap:PersistentLevel' has LevelScriptBlueprint '/Game/Maps/PrincipalMap.PrincipalMap:PersistentLevel.PrincipalMap' with GeneratedClass '/Game/Maps/PrincipalMap.PrincipalMap_C' with ClassGeneratedBy '/Game/Maps/PrincipalMap.PrincipalMap:PersistentLevel.PrincipalMap'
[2020.06.14-17.05.50:445][137]LogPlayLevel: PlayLevel: No blueprints needed recompiling
[2020.06.14-17.05.50:445][137]PIE: New page: PIE session: PrincipalMap (14 juin 2020 21:05:50)
[2020.06.14-17.05.50:445][137]LogPlayLevel: Creating play world package: /Game/Maps/UEDPIE_0_PrincipalMap
[2020.06.14-17.05.50:512][137]LogPlayLevel: PIE: StaticDuplicateObject took: (0.066885s)
[2020.06.14-17.05.50:513][137]LogAIModule: Creating AISystem for world PrincipalMap
[2020.06.14-17.05.50:514][137]LogPlayLevel: PIE: World Init took: (0.001965s)
[2020.06.14-17.05.50:514][137]LogPlayLevel: PIE: Created PIE world by copying editor world from /Game/Maps/PrincipalMap.PrincipalMap to /Game/Maps/UEDPIE_0_PrincipalMap.PrincipalMap (0.069128s)
[2020.06.14-17.05.50:580][137]LogUObjectHash: Compacting FUObjectHashTables data took   5.34ms
[2020.06.14-17.05.50:645][137]LogInit: XAudio2 using 'Haut-parleurs (2- USB PnP Audio Device)' : 2 channels at 48 kHz using 16 bits per sample (channel mask 0x3)
[2020.06.14-17.05.50:661][137]LogInit: FAudioDevice initialized.
[2020.06.14-17.05.50:672][137]LogSlate: Updating window title bar state: overlay mode, drag disabled, window buttons hidden, title bar hidden
[2020.06.14-17.05.50:672][137]LogLoad: Game class is 'NewGameMode_C'
[2020.06.14-17.05.50:675][137]LogWorld: Bringing World /Game/Maps/UEDPIE_0_PrincipalMap.PrincipalMap up for play (max tick rate 0) at 2020.06.14-19.05.50
[2020.06.14-17.05.50:675][137]LogWorld: Bringing up level for play took: 0.002259
[2020.06.14-17.05.50:676][137]LogOnline: OSS: Creating online subsystem instance for: :Context_5
[2020.06.14-17.05.50:696][137]PIE: Play in editor start time for /Game/Maps/UEDPIE_0_PrincipalMap -0,295
[2020.06.14-17.05.50:696][137]LogBlueprintUserMessages: Late PlayInEditor Detection: Level '/Game/Maps/PrincipalMap.PrincipalMap:PersistentLevel' has LevelScriptBlueprint '/Game/Maps/PrincipalMap.PrincipalMap:PersistentLevel.PrincipalMap' with GeneratedClass '/Game/Maps/PrincipalMap.PrincipalMap_C' with ClassGeneratedBy '/Game/Maps/PrincipalMap.PrincipalMap:PersistentLevel.PrincipalMap'
[2020.06.14-17.05.52:893][327]LogBlueprintUserMessages: Early EndPlayMap Detection: Level '/Game/Maps/PrincipalMap.PrincipalMap:PersistentLevel' has LevelScriptBlueprint '/Game/Maps/PrincipalMap.PrincipalMap:PersistentLevel.PrincipalMap' with GeneratedClass '/Game/Maps/PrincipalMap.PrincipalMap_C' with ClassGeneratedBy '/Game/Maps/PrincipalMap.PrincipalMap:PersistentLevel.PrincipalMap'
[2020.06.14-17.05.52:893][327]LogSlate: Updating window title bar state: overlay mode, drag disabled, window buttons hidden, title bar hidden
[2020.06.14-17.05.52:893][327]LogWorld: BeginTearingDown for /Game/Maps/UEDPIE_0_PrincipalMap
[2020.06.14-17.05.52:914][327]LogSlate: Window 'InfiniteNightmare Game Preview Standalone (64-bit/PCD3D_SM5)' being destroyed
[2020.06.14-17.05.52:921][327]LogWorld: UWorld::CleanupWorld for PrincipalMap, bSessionEnded=true, bCleanupResources=true
[2020.06.14-17.05.52:929][327]LogPlayLevel: Display: Shutting down PIE online subsystems
[2020.06.14-17.05.52:929][327]LogBlueprintUserMessages: Late EndPlayMap Detection: Level '/Game/Maps/PrincipalMap.PrincipalMap:PersistentLevel' has LevelScriptBlueprint '/Game/Maps/PrincipalMap.PrincipalMap:PersistentLevel.PrincipalMap' with GeneratedClass '/Game/Maps/PrincipalMap.PrincipalMap_C' with ClassGeneratedBy '/Game/Maps/PrincipalMap.PrincipalMap:PersistentLevel.PrincipalMap'
[2020.06.14-17.05.52:991][327]LogUObjectHash: Compacting FUObjectHashTables data took   4.52ms
[2020.06.14-17.05.53:006][328]LogPlayLevel: Display: Destroying online subsystem :Context_5
[2020.06.14-17.05.54:548][474]LogWorld: UWorld::CleanupWorld for World_1, bSessionEnded=true, bCleanupResources=true
[2020.06.14-17.05.54:576][474]LogWorld: UWorld::CleanupWorld for World_0, bSessionEnded=true, bCleanupResources=true
[2020.06.14-17.06.01:744][149]LogAssetEditorManager: Opening Asset editor for Blueprint /Game/BluePrints/BP_player.BP_player
[2020.06.14-17.06.03:685][150]LogSlate: Took 0.030419 seconds to synchronously load lazily loaded font '../../../Engine/Content/Slate/Fonts/Roboto-Italic.ttf' (157K)
[2020.06.14-17.06.08:756][567]LogEditorTransaction: Undo Move Node
[2020.06.14-17.08.21:147][750]LogEditorTransaction: Undo Delete current selection
[2020.06.14-17.09.14:686][681]LogEditorTransaction: Undo Move Node
[2020.06.14-17.10.11:929][490]BlueprintLog: New page: Compile BP_player
[2020.06.14-17.10.11:967][490]LogBlueprint: Error: [Compiler BP_player] This blueprint (self) is not a UserWidget, therefore ' Target ' must have a connection.
[2020.06.14-17.10.12:355][490]LogUObjectHash: Compacting FUObjectHashTables data took   6.36ms
[2020.06.14-17.10.12:703][504]Cmd: OBJ SAVEPACKAGE PACKAGE="/Game/BluePrints/BP_player" FILE="C:/Users/PC livio/Documents/GitHub/InfiniteNightmare/InfiniteNightmare/Content/BluePrints/BP_player.uasset" SILENT=true
[2020.06.14-17.10.12:839][504]LogSavePackage: Moving 'C:/Users/PC livio/Documents/GitHub/InfiniteNightmare/InfiniteNightmare/Saved/BP_player6F0E73234D8AD8B50FFA888B32CEDC0A.tmp' to 'C:/Users/PC livio/Documents/GitHub/InfiniteNightmare/InfiniteNightmare/Content/BluePrints/BP_player.uasset'
[2020.06.14-17.10.35:135][951]BlueprintLog: New page: Compile BP_player
[2020.06.14-17.10.35:515][951]LogUObjectHash: Compacting FUObjectHashTables data took   6.33ms
[2020.06.14-17.10.36:341][ 32]Cmd: OBJ SAVEPACKAGE PACKAGE="/Game/BluePrints/BP_player" FILE="C:/Users/PC livio/Documents/GitHub/InfiniteNightmare/InfiniteNightmare/Content/BluePrints/BP_player.uasset" SILENT=true
[2020.06.14-17.10.36:409][ 32]LogSavePackage: Moving 'C:/Users/PC livio/Documents/GitHub/InfiniteNightmare/InfiniteNightmare/Saved/BP_player02E9FF56447DD77E632FE6ADB6CF6D00.tmp' to 'C:/Users/PC livio/Documents/GitHub/InfiniteNightmare/InfiniteNightmare/Content/BluePrints/BP_player.uasset'
[2020.06.14-17.10.39:406][351]LogTemp: Repeating last play command: New Editor Window (PIE)
[2020.06.14-17.10.39:431][351]LogBlueprintUserMessages: Early PlayInEditor Detection: Level '/Game/Maps/PrincipalMap.PrincipalMap:PersistentLevel' has LevelScriptBlueprint '/Game/Maps/PrincipalMap.PrincipalMap:PersistentLevel.PrincipalMap' with GeneratedClass '/Game/Maps/PrincipalMap.PrincipalMap_C' with ClassGeneratedBy '/Game/Maps/PrincipalMap.PrincipalMap:PersistentLevel.PrincipalMap'
[2020.06.14-17.10.39:431][351]LogPlayLevel: PlayLevel: No blueprints needed recompiling
[2020.06.14-17.10.39:431][351]PIE: New page: PIE session: PrincipalMap (14 juin 2020 21:10:39)
[2020.06.14-17.10.39:431][351]LogPlayLevel: Creating play world package: /Game/Maps/UEDPIE_0_PrincipalMap
[2020.06.14-17.10.39:500][351]LogPlayLevel: PIE: StaticDuplicateObject took: (0.068484s)
[2020.06.14-17.10.39:501][351]LogAIModule: Creating AISystem for world PrincipalMap
[2020.06.14-17.10.39:501][351]LogPlayLevel: PIE: World Init took: (0.001206s)
[2020.06.14-17.10.39:501][351]LogPlayLevel: PIE: Created PIE world by copying editor world from /Game/Maps/PrincipalMap.PrincipalMap to /Game/Maps/UEDPIE_0_PrincipalMap.PrincipalMap (0.069928s)
[2020.06.14-17.10.39:540][351]LogUObjectHash: Compacting FUObjectHashTables data took   4.27ms
[2020.06.14-17.10.39:610][351]LogInit: XAudio2 using 'Haut-parleurs (2- USB PnP Audio Device)' : 2 channels at 48 kHz using 16 bits per sample (channel mask 0x3)
[2020.06.14-17.10.39:627][351]LogInit: FAudioDevice initialized.
[2020.06.14-17.10.39:636][351]LogSlate: Updating window title bar state: overlay mode, drag disabled, window buttons hidden, title bar hidden
[2020.06.14-17.10.39:636][351]LogLoad: Game class is 'NewGameMode_C'
[2020.06.14-17.10.39:639][351]LogWorld: Bringing World /Game/Maps/UEDPIE_0_PrincipalMap.PrincipalMap up for play (max tick rate 0) at 2020.06.14-19.10.39
[2020.06.14-17.10.39:640][351]LogWorld: Bringing up level for play took: 0.002611
[2020.06.14-17.10.39:640][351]LogOnline: OSS: Creating online subsystem instance for: :Context_9
[2020.06.14-17.10.39:694][351]PIE: Play in editor start time for /Game/Maps/UEDPIE_0_PrincipalMap 0,704
[2020.06.14-17.10.39:694][351]LogBlueprintUserMessages: Late PlayInEditor Detection: Level '/Game/Maps/PrincipalMap.PrincipalMap:PersistentLevel' has LevelScriptBlueprint '/Game/Maps/PrincipalMap.PrincipalMap:PersistentLevel.PrincipalMap' with GeneratedClass '/Game/Maps/PrincipalMap.PrincipalMap_C' with ClassGeneratedBy '/Game/Maps/PrincipalMap.PrincipalMap:PersistentLevel.PrincipalMap'
[2020.06.14-17.12.15:248][ 73]LogBlueprintUserMessages: Early EndPlayMap Detection: Level '/Game/Maps/PrincipalMap.PrincipalMap:PersistentLevel' has LevelScriptBlueprint '/Game/Maps/PrincipalMap.PrincipalMap:PersistentLevel.PrincipalMap' with GeneratedClass '/Game/Maps/PrincipalMap.PrincipalMap_C' with ClassGeneratedBy '/Game/Maps/PrincipalMap.PrincipalMap:PersistentLevel.PrincipalMap'
[2020.06.14-17.12.15:248][ 73]LogSlate: Updating window title bar state: overlay mode, drag disabled, window buttons hidden, title bar hidden
[2020.06.14-17.12.15:248][ 73]LogWorld: BeginTearingDown for /Game/Maps/UEDPIE_0_PrincipalMap
[2020.06.14-17.12.15:271][ 73]LogSlate: Window 'InfiniteNightmare Game Preview Standalone (64-bit/PCD3D_SM5)' being destroyed
[2020.06.14-17.12.15:285][ 73]LogWorld: UWorld::CleanupWorld for PrincipalMap, bSessionEnded=true, bCleanupResources=true
[2020.06.14-17.12.15:293][ 73]LogPlayLevel: Display: Shutting down PIE online subsystems
[2020.06.14-17.12.15:293][ 73]LogBlueprintUserMessages: Late EndPlayMap Detection: Level '/Game/Maps/PrincipalMap.PrincipalMap:PersistentLevel' has LevelScriptBlueprint '/Game/Maps/PrincipalMap.PrincipalMap:PersistentLevel.PrincipalMap' with GeneratedClass '/Game/Maps/PrincipalMap.PrincipalMap_C' with ClassGeneratedBy '/Game/Maps/PrincipalMap.PrincipalMap:PersistentLevel.PrincipalMap'
[2020.06.14-17.12.15:347][ 73]LogUObjectHash: Compacting FUObjectHashTables data took   3.75ms
[2020.06.14-17.12.15:371][ 74]LogPlayLevel: Display: Destroying online subsystem :Context_9
[2020.06.14-17.12.17:069][211]BlueprintLog: New page: Compile BP_player
[2020.06.14-17.12.17:356][211]LogUObjectHash: Compacting FUObjectHashTables data took   4.03ms
[2020.06.14-17.12.17:803][234]Cmd: OBJ SAVEPACKAGE PACKAGE="/Game/BluePrints/BP_player" FILE="C:/Users/PC livio/Documents/GitHub/InfiniteNightmare/InfiniteNightmare/Content/BluePrints/BP_player.uasset" SILENT=true
[2020.06.14-17.12.17:868][234]LogSavePackage: Moving 'C:/Users/PC livio/Documents/GitHub/InfiniteNightmare/InfiniteNightmare/Saved/BP_player83CA668843DA71C394413DA1C666FD82.tmp' to 'C:/Users/PC livio/Documents/GitHub/InfiniteNightmare/InfiniteNightmare/Content/BluePrints/BP_player.uasset'
[2020.06.14-17.12.32:515][974]LogSlate: FSceneViewport::OnFocusLost() reason 0
[2020.06.14-17.12.35:967][144]LogUObjectHash: Compacting FUObjectHashTables data took   4.28ms
[2020.06.14-17.12.36:387][144]LogSavePackage: Moving 'C:/Users/PC livio/Documents/GitHub/InfiniteNightmare/InfiniteNightmare/Saved/PrincipalMap6F6DFF2843A9E20E82963E9E37556158.tmp' to 'C:/Users/PC livio/Documents/GitHub/InfiniteNightmare/InfiniteNightmare/Content/Maps/PrincipalMap.umap'
[2020.06.14-17.12.36:449][144]Cmd: OBJ SAVEPACKAGE PACKAGE="/Game/Maps/PrincipalMap_BuiltData" FILE="C:/Users/PC livio/Documents/GitHub/InfiniteNightmare/InfiniteNightmare/Content/Maps/PrincipalMap_BuiltData.uasset" SILENT=true
[2020.06.14-17.12.36:665][144]LogSavePackage: Moving 'C:/Users/PC livio/Documents/GitHub/InfiniteNightmare/InfiniteNightmare/Saved/PrincipalMap_BuiltData76CE71984A66C420494B15A8AA1DF59D.tmp' to 'C:/Users/PC livio/Documents/GitHub/InfiniteNightmare/InfiniteNightmare/Content/Maps/PrincipalMap_BuiltData.uasset'
